Build started 1/22/2023 11:42:26 AM.
     1>Project "D:\courses\Embedded\egfwd\Egypt FWD C Task\Code\Payment Application\Payment Application\Payment Application.vcxproj" on node 2 (Build target(s)).
     1>ClCompile:
         C:\Program Files (x86)\Microsoft Visual Studio 11.0\VC\bin\CL.exe /c /ZI /nologo /W3 /WX- /Od /Oy- /D _MBCS /Gm /EHsc /RTC1 /MDd /GS /fp:precise /Zc:wchar_t /Zc:forScope /Fo"Debug\\" /Fd"Debug\vc110.pdb" /Gd /TC /analyze- /errorReport:prompt Server\server.c
         server.c
     1>d:\courses\embedded\egfwd\egypt fwd c task\code\payment application\payment application\server\server.c(246): warning C4996: 'gets': This function or variable may be unsafe. Consider using gets_s instead. To disable deprecation, use _CRT_SECURE_NO_WARNINGS. See online help for details.
                 c:\program files (x86)\microsoft visual studio 11.0\vc\include\stdio.h(261) : see declaration of 'gets'
     1>d:\courses\embedded\egfwd\egypt fwd c task\code\payment application\payment application\server\server.c(247): warning C4996: 'gets': This function or variable may be unsafe. Consider using gets_s instead. To disable deprecation, use _CRT_SECURE_NO_WARNINGS. See online help for details.
                 c:\program files (x86)\microsoft visual studio 11.0\vc\include\stdio.h(261) : see declaration of 'gets'
     1>d:\courses\embedded\egfwd\egypt fwd c task\code\payment application\payment application\server\server.c(295): warning C4996: 'gets': This function or variable may be unsafe. Consider using gets_s instead. To disable deprecation, use _CRT_SECURE_NO_WARNINGS. See online help for details.
                 c:\program files (x86)\microsoft visual studio 11.0\vc\include\stdio.h(261) : see declaration of 'gets'
     1>d:\courses\embedded\egfwd\egypt fwd c task\code\payment application\payment application\server\server.c(347): warning C4996: 'gets': This function or variable may be unsafe. Consider using gets_s instead. To disable deprecation, use _CRT_SECURE_NO_WARNINGS. See online help for details.
                 c:\program files (x86)\microsoft visual studio 11.0\vc\include\stdio.h(261) : see declaration of 'gets'
     1>d:\courses\embedded\egfwd\egypt fwd c task\code\payment application\payment application\server\server.c(403): warning C4996: 'gets': This function or variable may be unsafe. Consider using gets_s instead. To disable deprecation, use _CRT_SECURE_NO_WARNINGS. See online help for details.
                 c:\program files (x86)\microsoft visual studio 11.0\vc\include\stdio.h(261) : see declaration of 'gets'
     1>d:\courses\embedded\egfwd\egypt fwd c task\code\payment application\payment application\server\server.c(404): warning C4996: 'gets': This function or variable may be unsafe. Consider using gets_s instead. To disable deprecation, use _CRT_SECURE_NO_WARNINGS. See online help for details.
                 c:\program files (x86)\microsoft visual studio 11.0\vc\include\stdio.h(261) : see declaration of 'gets'
     1>d:\courses\embedded\egfwd\egypt fwd c task\code\payment application\payment application\server\server.c(462): warning C4996: 'gets': This function or variable may be unsafe. Consider using gets_s instead. To disable deprecation, use _CRT_SECURE_NO_WARNINGS. See online help for details.
                 c:\program files (x86)\microsoft visual studio 11.0\vc\include\stdio.h(261) : see declaration of 'gets'
     1>d:\courses\embedded\egfwd\egypt fwd c task\code\payment application\payment application\server\server.c(463): warning C4996: 'gets': This function or variable may be unsafe. Consider using gets_s instead. To disable deprecation, use _CRT_SECURE_NO_WARNINGS. See online help for details.
                 c:\program files (x86)\microsoft visual studio 11.0\vc\include\stdio.h(261) : see declaration of 'gets'
     1>d:\courses\embedded\egfwd\egypt fwd c task\code\payment application\payment application\server\server.c(502): warning C4013: 'appStart' undefined; assuming extern returning int
       Link:
         C:\Program Files (x86)\Microsoft Visual Studio 11.0\VC\bin\link.exe /ERRORREPORT:PROMPT /OUT:"D:\courses\Embedded\egfwd\Egypt FWD C Task\Code\Payment Application\Debug\Payment Application.exe" /INCREMENTAL /NOLOGO kernel32.lib user32.lib gdi32.lib winspool.lib comdlg32.lib advapi32.lib shell32.lib ole32.lib oleaut32.lib uuid.lib odbc32.lib odbccp32.lib /MANIFEST /MANIFESTUAC:"level='asInvoker' uiAccess='false'" /manifest:embed /DEBUG /PDB:"D:\courses\Embedded\egfwd\Egypt FWD C Task\Code\Payment Application\Debug\Payment Application.pdb" /TLBID:1 /DYNAMICBASE /NXCOMPAT /IMPLIB:"D:\courses\Embedded\egfwd\Egypt FWD C Task\Code\Payment Application\Debug\Payment Application.lib" /MACHINE:X86 Debug\app.obj
         Debug\card.obj
         Debug\main.obj
         Debug\server.obj
         Debug\terminal.obj
         Payment Application.vcxproj -> D:\courses\Embedded\egfwd\Egypt FWD C Task\Code\Payment Application\Debug\Payment Application.exe
     1>Done Building Project "D:\courses\Embedded\egfwd\Egypt FWD C Task\Code\Payment Application\Payment Application\Payment Application.vcxproj" (Build target(s)).

Build succeeded.

Time Elapsed 00:00:01.24
